1.0 [0^ 5^ 0 5]
1.0 [0^ 5^ 1 4]
1.0 [0^ 5^ 1 11]
1.0 [0^ 5^ 2 3]
1.0 [0^ 5^ 2 7]
1.0 [0^ 5^ 2 10]
1.0 [0^ 5^ 3 6]
1.0 [0^ 5^ 3 9]
1.0 [0^ 5^ 4 8]
1.0 [0^ 5^ 6 7]
1.0 [0^ 5^ 6 10]
1.0 [0^ 5^ 7 9]
1.0 [0^ 5^ 8 11]
1.0 [0^ 5^ 9 10]
1.0 [1^ 4^ 1 4]
1.0 [1^ 4^ 1 11]
1.0 [1^ 4^ 2 3]
1.0 [1^ 4^ 2 7]
1.0 [1^ 4^ 2 10]
1.0 [1^ 4^ 3 6]
1.0 [1^ 4^ 3 9]
1.0 [1^ 4^ 4 8]
1.0 [1^ 4^ 6 7]
1.0 [1^ 4^ 6 10]
1.0 [1^ 4^ 7 9]
1.0 [1^ 4^ 8 11]
1.0 [1^ 4^ 9 10]
1.0 [1^ 11^ 1 11]
1.0 [1^ 11^ 2 3]
1.0 [1^ 11^ 2 7]
1.0 [1^ 11^ 2 10]
1.0 [1^ 11^ 3 6]
1.0 [1^ 11^ 3 9]
1.0 [1^ 11^ 4 8]
1.0 [1^ 11^ 6 7]
1.0 [1^ 11^ 6 10]
1.0 [1^ 11^ 7 9]
1.0 [1^ 11^ 8 11]
1.0 [1^ 11^ 9 10]
1.0 [2^ 3^ 2 3]
1.0 [2^ 3^ 2 7]
1.0 [2^ 3^ 2 10]
1.0 [2^ 3^ 3 6]
1.0 [2^ 3^ 3 9]
1.0 [2^ 3^ 4 8]
1.0 [2^ 3^ 6 7]
1.0 [2^ 3^ 6 10]
1.0 [2^ 3^ 7 9]
1.0 [2^ 3^ 8 11]
1.0 [2^ 3^ 9 10]
1.0 [2^ 7^ 2 7]
1.0 [2^ 7^ 2 10]
1.0 [2^ 7^ 3 6]
1.0 [2^ 7^ 3 9]
1.0 [2^ 7^ 4 8]
1.0 [2^ 7^ 6 7]
1.0 [2^ 7^ 6 10]
1.0 [2^ 7^ 7 9]
1.0 [2^ 7^ 8 11]
1.0 [2^ 7^ 9 10]
1.0 [2^ 10^ 2 10]
1.0 [2^ 10^ 3 6]
1.0 [2^ 10^ 3 9]
1.0 [2^ 10^ 4 8]
1.0 [2^ 10^ 6 7]
1.0 [2^ 10^ 6 10]
1.0 [2^ 10^ 7 9]
1.0 [2^ 10^ 8 11]
1.0 [2^ 10^ 9 10]
1.0 [3^ 6^ 3 6]
1.0 [3^ 6^ 3 9]
1.0 [3^ 6^ 4 8]
1.0 [3^ 6^ 6 7]
1.0 [3^ 6^ 6 10]
1.0 [3^ 6^ 7 9]
1.0 [3^ 6^ 8 11]
1.0 [3^ 6^ 9 10]
1.0 [3^ 9^ 3 9]
1.0 [3^ 9^ 4 8]
1.0 [3^ 9^ 6 7]
1.0 [3^ 9^ 6 10]
1.0 [3^ 9^ 7 9]
1.0 [3^ 9^ 8 11]
1.0 [3^ 9^ 9 10]
1.0 [4^ 8^ 4 8]
1.0 [4^ 8^ 6 7]
1.0 [4^ 8^ 6 10]
1.0 [4^ 8^ 7 9]
1.0 [4^ 8^ 8 11]
1.0 [4^ 8^ 9 10]
1.0 [6^ 7^ 6 7]
1.0 [6^ 7^ 6 10]
1.0 [6^ 7^ 7 9]
1.0 [6^ 7^ 8 11]
1.0 [6^ 7^ 9 10]
1.0 [6^ 10^ 6 10]
1.0 [6^ 10^ 7 9]
1.0 [6^ 10^ 8 11]
1.0 [6^ 10^ 9 10]
1.0 [7^ 9^ 7 9]
1.0 [7^ 9^ 8 11]
1.0 [7^ 9^ 9 10]
1.0 [8^ 11^ 8 11]
1.0 [8^ 11^ 9 10]
1.0 [9^ 10^ 9 10]
