0 -28.96475 0.26584937161698485
1 -30.01341800115237 0.23926946769890597
2 -31.886179310364536 0.1918018081482622
3 -32.931061973809584 0.16531784871637686
4 -33.45042006868978 0.15215401779388998
5 -34.290853596563664 0.1308520972662567
6 -35.69180714068613 0.09534304143967713
7 -36.013528480505116 0.0871885804554693
8 -36.97008559828307 0.0629433510265624
9 -37.12899383165319 0.058915607670106424
10 -37.50635914783861 0.049350775106128474
11 -37.58309283228348 0.047405856449715296
12 -37.78373496231125 0.042320311232166494
13 -37.85997300471112 0.04038795529142621
14 -38.22371846042009 0.03116833644851532
15 -38.290656635512974 0.02947169817933451
16 -38.50321718807433 0.02408406447863415
17 -38.53112077040055 0.023376810575219484
18 -38.69805069464853 0.019145746651568
19 -38.722645894160735 0.018522348169720534
20 -38.786056397560095 0.016915123494322892
21 -38.810473372050275 0.01629624236587616
22 -38.97396855566919 0.01215223657292364
23 -39.02696661904841 0.010808929224062085
24 -39.04509207570728 0.010349515094962404
25 -39.07042792856062 0.009707343755907247
26 -39.09777736221411 0.009014135497502462
27 -39.13620681452668 0.008040089232173446
28 -39.17412679900924 0.0070789561156734595
29 -39.20817353755613 0.0062159956378998755
30 -39.21906099653753 0.00594003831554461
31 -39.24011572225956 0.00540637791387495
32 -39.25975339971294 0.004908634510518001
33 -39.27335820546612 0.004563802371703668
34 -39.309523003305344 0.003647156826376565
35 -39.36650990015925 0.0022027471168194718
36 -39.3740267823506 0.002012221606181261
37 -39.397047327230474 0.00142873486836094
38 -39.40833416318966 0.0011426547982104941
39 -39.41344239082369 0.0010131798837904361
40 -39.418243755138214 0.0008914828338036925
41 -39.423036634805605 0.000770000838634404
42 -39.42736462578143 0.0006603020739450061
43 -39.43442921715774 0.00048124048362610435
44 -39.44472696853667 0.00022023009528260564
