-0.1018263401500397
0.2997638670463342
-0.31436306635638833
0.10289562299236682
0.09941170743677487
0.6920069495744202
-0.29901636287309513
-0.2655317695497815
0.4828368720040443
0.19335166966699566
-0.1589546156640539
-0.16478056916719544
0.20923286551704243
-0.18664039859276382
-0.23987046381873828
-0.12757764927682988
-0.2142869413664339
-0.2578292377201443
0.15809138695342279
0.05585187817549258
-0.7382170786476787
0.21323151546513575
0.5246530474659638
0.1668648628221157
-0.025181966097387848
0.24854088244304617
0.46185101212615964
0.18934383961979398
0.3375722353571289
-0.1736474716085371
0.2226358569483028
-0.018030787113472342
-0.1899363318248209
-0.25939281801524616
-0.34549077528722233
0.04235830989902816
0.1338634232887216
-0.08067866216978771
-0.03435539385368121
0.056950299045852144
0.05337927732124024
0.11758745364541776
-0.10154558588574476
0.11086795288502202
