1.0 [0^ 1^ 7^ 8^ 2 4 6 10]
1.0 [0^ 1^ 7^ 8^ 4 5 6 10]
1.0 [0^ 1^ 7^ 9^ 2 5 6 10]
1.0 [0^ 1^ 7^ 9^ 3 4 6 10]
1.0 [0^ 1^ 7^ 11^ 2 4 6 10]
1.0 [0^ 1^ 7^ 11^ 4 5 6 10]
1.0 [0^ 1^ 8^ 9^ 2 3 6 7]
1.0 [0^ 1^ 8^ 9^ 2 3 6 10]
1.0 [0^ 1^ 8^ 9^ 3 5 6 7]
1.0 [0^ 1^ 8^ 9^ 3 5 6 10]
1.0 [0^ 1^ 8^ 10^ 2 4 6 7]
1.0 [0^ 1^ 8^ 10^ 4 5 6 7]
1.0 [0^ 1^ 8^ 11^ 2 5 6 7]
1.0 [0^ 1^ 8^ 11^ 2 5 6 10]
1.0 [0^ 1^ 8^ 11^ 3 4 6 7]
1.0 [0^ 1^ 8^ 11^ 3 4 6 10]
1.0 [0^ 1^ 9^ 10^ 2 5 6 7]
1.0 [0^ 1^ 9^ 10^ 3 4 6 7]
1.0 [0^ 1^ 9^ 11^ 2 3 6 7]
1.0 [0^ 1^ 9^ 11^ 2 3 6 10]
1.0 [0^ 1^ 9^ 11^ 3 5 6 7]
1.0 [0^ 1^ 9^ 11^ 3 5 6 10]
1.0 [0^ 1^ 10^ 11^ 2 4 6 7]
1.0 [0^ 1^ 10^ 11^ 4 5 6 7]
1.0 [0^ 2^ 6^ 8^ 1 4 7 10]
1.0 [0^ 2^ 6^ 9^ 1 5 7 10]
1.0 [0^ 2^ 6^ 9^ 4 5 7 10]
1.0 [0^ 2^ 6^ 11^ 1 4 7 10]
1.0 [0^ 2^ 7^ 8^ 1 5 6 11]
1.0 [0^ 2^ 7^ 8^ 4 5 6 11]
1.0 [0^ 2^ 7^ 9^ 1 3 6 8]
1.0 [0^ 2^ 7^ 9^ 1 3 6 11]
1.0 [0^ 2^ 7^ 9^ 3 4 6 8]
1.0 [0^ 2^ 7^ 9^ 3 4 6 11]
1.0 [0^ 2^ 7^ 10^ 1 4 6 8]
1.0 [0^ 2^ 7^ 10^ 1 4 6 11]
1.0 [0^ 2^ 7^ 11^ 1 5 6 8]
1.0 [0^ 2^ 7^ 11^ 4 5 6 8]
1.0 [0^ 2^ 8^ 9^ 3 5 6 11]
1.0 [0^ 2^ 8^ 9^ 3 5 7 10]
1.0 [0^ 2^ 8^ 10^ 1 5 6 11]
1.0 [0^ 2^ 8^ 10^ 4 5 6 11]
1.0 [0^ 2^ 8^ 11^ 1 3 7 10]
1.0 [0^ 2^ 8^ 11^ 3 4 7 10]
1.0 [0^ 2^ 9^ 10^ 1 3 6 8]
1.0 [0^ 2^ 9^ 10^ 1 3 6 11]
1.0 [0^ 2^ 9^ 10^ 3 4 6 8]
1.0 [0^ 2^ 9^ 10^ 3 4 6 11]
1.0 [0^ 2^ 9^ 11^ 3 5 6 8]
1.0 [0^ 2^ 9^ 11^ 3 5 7 10]
1.0 [0^ 2^ 10^ 11^ 1 5 6 8]
1.0 [0^ 2^ 10^ 11^ 4 5 6 8]
1.0 [0^ 3^ 6^ 8^ 1 4 7 11]
1.0 [0^ 3^ 6^ 8^ 1 4 10 11]
1.0 [0^ 3^ 6^ 9^ 1 2 7 8]
1.0 [0^ 3^ 6^ 9^ 1 2 7 11]
1.0 [0^ 3^ 6^ 9^ 1 2 8 10]
1.0 [0^ 3^ 6^ 9^ 1 2 10 11]
1.0 [0^ 3^ 6^ 9^ 1 5 7 8]
1.0 [0^ 3^ 6^ 9^ 1 5 7 11]
1.0 [0^ 3^ 6^ 9^ 1 5 8 10]
1.0 [0^ 3^ 6^ 9^ 1 5 10 11]
1.0 [0^ 3^ 6^ 9^ 2 4 7 8]
1.0 [0^ 3^ 6^ 9^ 2 4 7 11]
1.0 [0^ 3^ 6^ 9^ 2 4 8 10]
1.0 [0^ 3^ 6^ 9^ 2 4 10 11]
1.0 [0^ 3^ 6^ 9^ 4 5 7 8]
1.0 [0^ 3^ 6^ 9^ 4 5 7 11]
1.0 [0^ 3^ 6^ 9^ 4 5 8 10]
1.0 [0^ 3^ 6^ 9^ 4 5 10 11]
1.0 [0^ 3^ 6^ 11^ 1 4 7 8]
1.0 [0^ 3^ 6^ 11^ 1 4 8 10]
1.0 [0^ 3^ 7^ 8^ 1 2 6 9]
1.0 [0^ 3^ 7^ 8^ 1 2 10 11]
1.0 [0^ 3^ 7^ 8^ 1 5 6 9]
1.0 [0^ 3^ 7^ 8^ 1 5 10 11]
1.0 [0^ 3^ 7^ 8^ 2 4 6 9]
1.0 [0^ 3^ 7^ 8^ 2 4 10 11]
1.0 [0^ 3^ 7^ 8^ 4 5 6 9]
1.0 [0^ 3^ 7^ 8^ 4 5 10 11]
1.0 [0^ 3^ 7^ 9^ 2 5 8 10]
1.0 [0^ 3^ 7^ 9^ 2 5 10 11]
1.0 [0^ 3^ 7^ 10^ 1 4 6 9]
1.0 [0^ 3^ 7^ 11^ 1 2 6 9]
1.0 [0^ 3^ 7^ 11^ 1 2 8 10]
1.0 [0^ 3^ 7^ 11^ 1 5 6 9]
1.0 [0^ 3^ 7^ 11^ 1 5 8 10]
1.0 [0^ 3^ 7^ 11^ 2 4 6 9]
1.0 [0^ 3^ 7^ 11^ 2 4 8 10]
1.0 [0^ 3^ 7^ 11^ 4 5 6 9]
1.0 [0^ 3^ 7^ 11^ 4 5 8 10]
1.0 [0^ 3^ 8^ 10^ 1 2 6 9]
1.0 [0^ 3^ 8^ 10^ 1 2 7 11]
1.0 [0^ 3^ 8^ 10^ 1 5 6 9]
1.0 [0^ 3^ 8^ 10^ 1 5 7 11]
1.0 [0^ 3^ 8^ 10^ 2 4 6 9]
1.0 [0^ 3^ 8^ 10^ 2 4 7 11]
1.0 [0^ 3^ 8^ 10^ 4 5 6 9]
1.0 [0^ 3^ 8^ 10^ 4 5 7 11]
1.0 [0^ 3^ 8^ 11^ 2 5 6 9]
1.0 [0^ 3^ 9^ 10^ 2 5 7 8]
1.0 [0^ 3^ 9^ 10^ 2 5 7 11]
1.0 [0^ 3^ 10^ 11^ 1 2 6 9]
1.0 [0^ 3^ 10^ 11^ 1 2 7 8]
1.0 [0^ 3^ 10^ 11^ 1 5 6 9]
1.0 [0^ 3^ 10^ 11^ 1 5 7 8]
1.0 [0^ 3^ 10^ 11^ 2 4 6 9]
1.0 [0^ 3^ 10^ 11^ 2 4 7 8]
1.0 [0^ 3^ 10^ 11^ 4 5 6 9]
1.0 [0^ 3^ 10^ 11^ 4 5 7 8]
1.0 [0^ 4^ 7^ 8^ 1 2 6 10]
1.0 [0^ 4^ 7^ 8^ 1 5 6 10]
1.0 [0^ 4^ 7^ 9^ 1 3 6 10]
1.0 [0^ 4^ 7^ 9^ 2 5 6 10]
1.0 [0^ 4^ 7^ 11^ 1 2 6 10]
1.0 [0^ 4^ 7^ 11^ 1 5 6 10]
1.0 [0^ 4^ 8^ 9^ 2 3 6 7]
1.0 [0^ 4^ 8^ 9^ 2 3 6 10]
1.0 [0^ 4^ 8^ 9^ 3 5 6 7]
1.0 [0^ 4^ 8^ 9^ 3 5 6 10]
1.0 [0^ 4^ 8^ 10^ 1 2 6 7]
1.0 [0^ 4^ 8^ 10^ 1 5 6 7]
1.0 [0^ 4^ 8^ 11^ 1 3 6 7]
1.0 [0^ 4^ 8^ 11^ 1 3 6 10]
1.0 [0^ 4^ 8^ 11^ 2 5 6 7]
1.0 [0^ 4^ 8^ 11^ 2 5 6 10]
1.0 [0^ 4^ 9^ 10^ 1 3 6 7]
1.0 [0^ 4^ 9^ 10^ 2 5 6 7]
1.0 [0^ 4^ 9^ 11^ 2 3 6 7]
1.0 [0^ 4^ 9^ 11^ 2 3 6 10]
1.0 [0^ 4^ 9^ 11^ 3 5 6 7]
1.0 [0^ 4^ 9^ 11^ 3 5 6 10]
1.0 [0^ 4^ 10^ 11^ 1 2 6 7]
1.0 [0^ 4^ 10^ 11^ 1 5 6 7]
1.0 [0^ 5^ 6^ 8^ 1 4 7 10]
1.0 [0^ 5^ 6^ 9^ 1 2 7 10]
1.0 [0^ 5^ 6^ 9^ 2 4 7 10]
1.0 [0^ 5^ 6^ 11^ 1 4 7 10]
1.0 [0^ 5^ 7^ 8^ 1 2 6 11]
1.0 [0^ 5^ 7^ 8^ 2 4 6 11]
1.0 [0^ 5^ 7^ 9^ 1 3 6 8]
1.0 [0^ 5^ 7^ 9^ 1 3 6 11]
1.0 [0^ 5^ 7^ 9^ 3 4 6 8]
1.0 [0^ 5^ 7^ 9^ 3 4 6 11]
1.0 [0^ 5^ 7^ 10^ 1 4 6 8]
1.0 [0^ 5^ 7^ 10^ 1 4 6 11]
1.0 [0^ 5^ 7^ 11^ 1 2 6 8]
1.0 [0^ 5^ 7^ 11^ 2 4 6 8]
1.0 [0^ 5^ 8^ 9^ 2 3 6 11]
1.0 [0^ 5^ 8^ 9^ 2 3 7 10]
1.0 [0^ 5^ 8^ 10^ 1 2 6 11]
1.0 [0^ 5^ 8^ 10^ 2 4 6 11]
1.0 [0^ 5^ 8^ 11^ 1 3 7 10]
1.0 [0^ 5^ 8^ 11^ 3 4 7 10]
1.0 [0^ 5^ 9^ 10^ 1 3 6 8]
1.0 [0^ 5^ 9^ 10^ 1 3 6 11]
1.0 [0^ 5^ 9^ 10^ 3 4 6 8]
1.0 [0^ 5^ 9^ 10^ 3 4 6 11]
1.0 [0^ 5^ 9^ 11^ 2 3 6 8]
1.0 [0^ 5^ 9^ 11^ 2 3 7 10]
1.0 [0^ 5^ 10^ 11^ 1 2 6 8]
1.0 [0^ 5^ 10^ 11^ 2 4 6 8]
1.0 [1^ 2^ 6^ 9^ 4 5 7 8]
1.0 [1^ 2^ 6^ 9^ 4 5 7 11]
1.0 [1^ 2^ 6^ 9^ 4 5 8 10]
1.0 [1^ 2^ 6^ 9^ 4 5 10 11]
1.0 [1^ 2^ 7^ 8^ 4 5 6 9]
1.0 [1^ 2^ 7^ 8^ 4 5 10 11]
1.0 [1^ 2^ 7^ 9^ 3 4 8 10]
1.0 [1^ 2^ 7^ 9^ 3 4 10 11]
1.0 [1^ 2^ 7^ 11^ 4 5 6 9]
1.0 [1^ 2^ 7^ 11^ 4 5 8 10]
1.0 [1^ 2^ 8^ 9^ 3 5 7 11]
1.0 [1^ 2^ 8^ 9^ 3 5 10 11]
1.0 [1^ 2^ 8^ 10^ 4 5 6 9]
1.0 [1^ 2^ 8^ 10^ 4 5 7 11]
1.0 [1^ 2^ 8^ 11^ 3 4 6 9]
1.0 [1^ 2^ 9^ 10^ 3 4 7 8]
1.0 [1^ 2^ 9^ 10^ 3 4 7 11]
1.0 [1^ 2^ 9^ 11^ 3 5 7 8]
1.0 [1^ 2^ 9^ 11^ 3 5 8 10]
1.0 [1^ 2^ 10^ 11^ 4 5 6 9]
1.0 [1^ 2^ 10^ 11^ 4 5 7 8]
1.0 [1^ 3^ 6^ 9^ 2 4 8 11]
1.0 [1^ 3^ 6^ 9^ 4 5 8 11]
1.0 [1^ 3^ 7^ 8^ 2 4 9 10]
1.0 [1^ 3^ 7^ 8^ 4 5 9 10]
1.0 [1^ 3^ 7^ 9^ 2 5 8 11]
1.0 [1^ 3^ 7^ 11^ 2 4 9 10]
1.0 [1^ 3^ 7^ 11^ 4 5 9 10]
1.0 [1^ 3^ 8^ 10^ 2 4 7 9]
1.0 [1^ 3^ 8^ 10^ 4 5 7 9]
1.0 [1^ 3^ 8^ 11^ 2 5 7 9]
1.0 [1^ 3^ 8^ 11^ 2 5 9 10]
1.0 [1^ 3^ 9^ 10^ 2 5 8 11]
1.0 [1^ 3^ 10^ 11^ 2 4 7 9]
1.0 [1^ 3^ 10^ 11^ 4 5 7 9]
1.0 [1^ 4^ 7^ 9^ 2 5 6 8]
1.0 [1^ 4^ 7^ 9^ 2 5 6 11]
1.0 [1^ 4^ 8^ 9^ 2 3 6 11]
1.0 [1^ 4^ 8^ 9^ 2 3 7 10]
1.0 [1^ 4^ 8^ 9^ 3 5 6 11]
1.0 [1^ 4^ 8^ 9^ 3 5 7 10]
1.0 [1^ 4^ 8^ 11^ 2 5 7 10]
1.0 [1^ 4^ 9^ 10^ 2 5 6 8]
1.0 [1^ 4^ 9^ 10^ 2 5 6 11]
1.0 [1^ 4^ 9^ 11^ 2 3 6 8]
1.0 [1^ 4^ 9^ 11^ 2 3 7 10]
1.0 [1^ 4^ 9^ 11^ 3 5 6 8]
1.0 [1^ 4^ 9^ 11^ 3 5 7 10]
1.0 [1^ 5^ 6^ 9^ 2 4 7 8]
1.0 [1^ 5^ 6^ 9^ 2 4 7 11]
1.0 [1^ 5^ 6^ 9^ 2 4 8 10]
1.0 [1^ 5^ 6^ 9^ 2 4 10 11]
1.0 [1^ 5^ 7^ 8^ 2 4 6 9]
1.0 [1^ 5^ 7^ 8^ 2 4 10 11]
1.0 [1^ 5^ 7^ 9^ 3 4 8 10]
1.0 [1^ 5^ 7^ 9^ 3 4 10 11]
1.0 [1^ 5^ 7^ 11^ 2 4 6 9]
1.0 [1^ 5^ 7^ 11^ 2 4 8 10]
1.0 [1^ 5^ 8^ 9^ 2 3 7 11]
1.0 [1^ 5^ 8^ 9^ 2 3 10 11]
1.0 [1^ 5^ 8^ 10^ 2 4 6 9]
1.0 [1^ 5^ 8^ 10^ 2 4 7 11]
1.0 [1^ 5^ 8^ 11^ 3 4 6 9]
1.0 [1^ 5^ 9^ 10^ 3 4 7 8]
1.0 [1^ 5^ 9^ 10^ 3 4 7 11]
1.0 [1^ 5^ 9^ 11^ 2 3 7 8]
1.0 [1^ 5^ 9^ 11^ 2 3 8 10]
1.0 [1^ 5^ 10^ 11^ 2 4 6 9]
1.0 [1^ 5^ 10^ 11^ 2 4 7 8]
1.0 [2^ 3^ 7^ 8^ 4 5 9 11]
1.0 [2^ 3^ 7^ 11^ 4 5 8 9]
1.0 [2^ 3^ 8^ 10^ 4 5 9 11]
1.0 [2^ 3^ 10^ 11^ 4 5 8 9]
1.0 [2^ 4^ 8^ 9^ 3 5 7 11]
1.0 [2^ 4^ 8^ 9^ 3 5 10 11]
1.0 [2^ 4^ 9^ 11^ 3 5 7 8]
1.0 [2^ 4^ 9^ 11^ 3 5 8 10]
1.0 [2^ 5^ 7^ 9^ 3 4 8 11]
1.0 [2^ 5^ 8^ 11^ 3 4 7 9]
1.0 [2^ 5^ 8^ 11^ 3 4 9 10]
1.0 [2^ 5^ 9^ 10^ 3 4 8 11]
